<?xml version="1.0" encoding="UTF-8"?>
<!-- Generated by org.testng.reporters.JUnitReportReporter -->
<testsuite hostname="LIN83001530" name="com.crm.qa.testcases.HomePageTest" tests="1" failures="0" timestamp="11 Sep 2020 05:04:42 GMT" time="142.769" errors="0">
  <testcase name="verifyNewDealsLink" time="142.769" classname="com.crm.qa.testcases.HomePageTest"/>
</testsuite> <!-- com.crm.qa.testcases.HomePageTest -->
