<?xml version="1.0" encoding="UTF-8"?>
<!-- Generated by org.testng.reporters.JUnitReportReporter -->
<testsuite hostname="LIN83001530" name="com.crm.qa.testcases.ContactsPageTest" tests="1" failures="0" timestamp="11 Sep 2020 05:40:27 GMT" time="85.387" errors="0">
  <testcase name="validateCreateNewContact" time="85.387" classname="com.crm.qa.testcases.ContactsPageTest"/>
</testsuite> <!-- com.crm.qa.testcases.ContactsPageTest -->
